{"/home/almayer/Documents/__current__/cars/front_app/src/App.js": {"path":"/home/almayer/Documents/__current__/cars/front_app/src/App.js","statementMap":{"0":{"start":{"line":12,"column":26},"end":{"line":12,"column":38}},"1":{"start":{"line":13,"column":38},"end":{"line":13,"column":53}},"2":{"start":{"line":14,"column":44},"end":{"line":14,"column":55}},"3":{"start":{"line":15,"column":2},"end":{"line":22,"column":13}},"4":{"start":{"line":16,"column":4},"end":{"line":18,"column":5}},"5":{"start":{"line":17,"column":6},"end":{"line":17,"column":60}},"6":{"start":{"line":19,"column":4},"end":{"line":19,"column":22}},"7":{"start":{"line":20,"column":4},"end":{"line":20,"column":18}},"8":{"start":{"line":21,"column":4},"end":{"line":21,"column":24}},"9":{"start":{"line":24,"column":2},"end":{"line":51,"column":4}},"10":{"start":{"line":30,"column":12},"end":{"line":32,"column":16}}},"fnMap":{"0":{"name":"App","decl":{"start":{"line":11,"column":9},"end":{"line":11,"column":12}},"loc":{"start":{"line":11,"column":15},"end":{"line":52,"column":1}},"line":11},"1":{"name":"(anonymous_1)","decl":{"start":{"line":15,"column":12},"end":{"line":15,"column":13}},"loc":{"start":{"line":15,"column":18},"end":{"line":22,"column":3}},"line":15},"2":{"name":"(anonymous_2)","decl":{"start":{"line":29,"column":33},"end":{"line":29,"column":34}},"loc":{"start":{"line":30,"column":12},"end":{"line":32,"column":16}},"line":30}},"branchMap":{"0":{"loc":{"start":{"line":27,"column":7},"end":{"line":49,"column":7}},"type":"cond-expr","locations":[{"start":{"line":28,"column":8},"end":{"line":46,"column":14}},{"start":{"line":48,"column":8},"end":{"line":48,"column":25}}],"line":27}},"s":{"0":0,"1":0,"2":0,"3":0,"4":0,"5":0,"6":0,"7":0,"8":0,"9":0,"10":0},"f":{"0":0,"1":0,"2":0},"b":{"0":[0,0]},"_coverageSchema":"43e27e138ebf9cfc5966b082cf9a028302ed4184","hash":"869c510f52e7beb5985c935afe2ede1840d3c5d4"}
,"/home/almayer/Documents/__current__/cars/front_app/src/helpers.js": {"path":"/home/almayer/Documents/__current__/cars/front_app/src/helpers.js","statementMap":{"0":{"start":{"line":1,"column":29},"end":{"line":2,"column":68}},"1":{"start":{"line":2,"column":2},"end":{"line":2,"column":68}},"2":{"start":{"line":4,"column":27},"end":{"line":10,"column":1}},"3":{"start":{"line":12,"column":28},"end":{"line":25,"column":1}},"4":{"start":{"line":13,"column":2},"end":{"line":24,"column":3}},"5":{"start":{"line":15,"column":6},"end":{"line":15,"column":23}},"6":{"start":{"line":17,"column":6},"end":{"line":17,"column":20}},"7":{"start":{"line":19,"column":6},"end":{"line":19,"column":22}},"8":{"start":{"line":21,"column":6},"end":{"line":21,"column":24}},"9":{"start":{"line":23,"column":6},"end":{"line":23,"column":16}}},"fnMap":{"0":{"name":"(anonymous_0)","decl":{"start":{"line":1,"column":29},"end":{"line":1,"column":30}},"loc":{"start":{"line":2,"column":2},"end":{"line":2,"column":68}},"line":2},"1":{"name":"(anonymous_1)","decl":{"start":{"line":12,"column":28},"end":{"line":12,"column":29}},"loc":{"start":{"line":12,"column":39},"end":{"line":25,"column":1}},"line":12}},"branchMap":{"0":{"loc":{"start":{"line":13,"column":2},"end":{"line":24,"column":3}},"type":"switch","locations":[{"start":{"line":14,"column":4},"end":{"line":15,"column":23}},{"start":{"line":16,"column":4},"end":{"line":17,"column":20}},{"start":{"line":18,"column":4},"end":{"line":19,"column":22}},{"start":{"line":20,"column":4},"end":{"line":21,"column":24}},{"start":{"line":22,"column":4},"end":{"line":23,"column":16}}],"line":13}},"s":{"0":2,"1":2,"2":2,"3":2,"4":5,"5":1,"6":1,"7":1,"8":1,"9":1},"f":{"0":2,"1":5},"b":{"0":[1,1,1,1,1]},"_coverageSchema":"43e27e138ebf9cfc5966b082cf9a028302ed4184","hash":"81d9cf5aa9aba499caccb5bede04794b7ddbd74b"}
,"/home/almayer/Documents/__current__/cars/front_app/src/components/Donut.js": {"path":"/home/almayer/Documents/__current__/cars/front_app/src/components/Donut.js","statementMap":{"0":{"start":{"line":6,"column":19},"end":{"line":82,"column":1}},"1":{"start":{"line":7,"column":14},"end":{"line":7,"column":22}},"2":{"start":{"line":9,"column":2},"end":{"line":14,"column":11}},"3":{"start":{"line":10,"column":17},"end":{"line":10,"column":64}},"4":{"start":{"line":12,"column":6},"end":{"line":12,"column":37}},"5":{"start":{"line":13,"column":6},"end":{"line":13,"column":17}},"6":{"start":{"line":15,"column":2},"end":{"line":23,"column":17}},"7":{"start":{"line":17,"column":6},"end":{"line":20,"column":8}},"8":{"start":{"line":22,"column":20},"end":{"line":22,"column":37}},"9":{"start":{"line":25,"column":2},"end":{"line":61,"column":13}},"10":{"start":{"line":26,"column":23},"end":{"line":26,"column":45}},"11":{"start":{"line":28,"column":17},"end":{"line":28,"column":20}},"12":{"start":{"line":30,"column":16},"end":{"line":33,"column":25}},"13":{"start":{"line":32,"column":30},"end":{"line":32,"column":36}},"14":{"start":{"line":35,"column":14},"end":{"line":37,"column":6}},"15":{"start":{"line":36,"column":6},"end":{"line":36,"column":27}},"16":{"start":{"line":38,"column":21},"end":{"line":38,"column":42}},"17":{"start":{"line":41,"column":14},"end":{"line":44,"column":32}},"18":{"start":{"line":46,"column":18},"end":{"line":48,"column":46}},"19":{"start":{"line":50,"column":4},"end":{"line":60,"column":36}},"20":{"start":{"line":57,"column":8},"end":{"line":57,"column":40}},"21":{"start":{"line":63,"column":2},"end":{"line":81,"column":4}},"22":{"start":{"line":70,"column":12},"end":{"line":76,"column":16}}},"fnMap":{"0":{"name":"(anonymous_0)","decl":{"start":{"line":6,"column":19},"end":{"line":6,"column":20}},"loc":{"start":{"line":6,"column":48},"end":{"line":82,"column":1}},"line":6},"1":{"name":"(anonymous_1)","decl":{"start":{"line":10,"column":9},"end":{"line":10,"column":10}},"loc":{"start":{"line":10,"column":17},"end":{"line":10,"column":64}},"line":10},"2":{"name":"(anonymous_2)","decl":{"start":{"line":11,"column":12},"end":{"line":11,"column":13}},"loc":{"start":{"line":11,"column":26},"end":{"line":14,"column":5}},"line":11},"3":{"name":"(anonymous_3)","decl":{"start":{"line":16,"column":9},"end":{"line":16,"column":10}},"loc":{"start":{"line":16,"column":18},"end":{"line":21,"column":5}},"line":16},"4":{"name":"(anonymous_4)","decl":{"start":{"line":22,"column":10},"end":{"line":22,"column":11}},"loc":{"start":{"line":22,"column":20},"end":{"line":22,"column":37}},"line":22},"5":{"name":"(anonymous_5)","decl":{"start":{"line":25,"column":12},"end":{"line":25,"column":13}},"loc":{"start":{"line":25,"column":18},"end":{"line":61,"column":3}},"line":25},"6":{"name":"(anonymous_6)","decl":{"start":{"line":32,"column":23},"end":{"line":32,"column":24}},"loc":{"start":{"line":32,"column":30},"end":{"line":32,"column":36}},"line":32},"7":{"name":"(anonymous_7)","decl":{"start":{"line":35,"column":29},"end":{"line":35,"column":30}},"loc":{"start":{"line":35,"column":42},"end":{"line":37,"column":5}},"line":35},"8":{"name":"(anonymous_8)","decl":{"start":{"line":56,"column":20},"end":{"line":56,"column":21}},"loc":{"start":{"line":56,"column":33},"end":{"line":58,"column":7}},"line":56},"9":{"name":"(anonymous_9)","decl":{"start":{"line":69,"column":20},"end":{"line":69,"column":21}},"loc":{"start":{"line":70,"column":12},"end":{"line":76,"column":16}},"line":70}},"branchMap":{"0":{"loc":{"start":{"line":12,"column":18},"end":{"line":12,"column":31}},"type":"binary-expr","locations":[{"start":{"line":12,"column":18},"end":{"line":12,"column":26}},{"start":{"line":12,"column":30},"end":{"line":12,"column":31}}],"line":12}},"s":{"0":1,"1":0,"2":0,"3":0,"4":0,"5":0,"6":0,"7":0,"8":0,"9":0,"10":0,"11":0,"12":0,"13":0,"14":0,"15":0,"16":0,"17":0,"18":0,"19":0,"20":0,"21":0,"22":0},"f":{"0":0,"1":0,"2":0,"3":0,"4":0,"5":0,"6":0,"7":0,"8":0,"9":0},"b":{"0":[0,0]},"_coverageSchema":"43e27e138ebf9cfc5966b082cf9a028302ed4184","hash":"8baff91bd76f7a6cafb191858336732edbd4942c"}
,"/home/almayer/Documents/__current__/cars/front_app/src/components/Header.js": {"path":"/home/almayer/Documents/__current__/cars/front_app/src/components/Header.js","statementMap":{"0":{"start":{"line":3,"column":15},"end":{"line":10,"column":1}},"1":{"start":{"line":4,"column":2},"end":{"line":9,"column":4}}},"fnMap":{"0":{"name":"(anonymous_0)","decl":{"start":{"line":3,"column":15},"end":{"line":3,"column":16}},"loc":{"start":{"line":3,"column":21},"end":{"line":10,"column":1}},"line":3}},"branchMap":{},"s":{"0":2,"1":1},"f":{"0":1},"b":{},"_coverageSchema":"43e27e138ebf9cfc5966b082cf9a028302ed4184","hash":"0a3d09295c558a1c433ded96296b4b9ab7155d18"}
,"/home/almayer/Documents/__current__/cars/front_app/src/components/YearBarChart.js": {"path":"/home/almayer/Documents/__current__/cars/front_app/src/components/YearBarChart.js","statementMap":{"0":{"start":{"line":4,"column":21},"end":{"line":63,"column":1}},"1":{"start":{"line":5,"column":14},"end":{"line":5,"column":22}},"2":{"start":{"line":7,"column":2},"end":{"line":7,"column":62}},"3":{"start":{"line":7,"column":42},"end":{"line":7,"column":60}},"4":{"start":{"line":9,"column":2},"end":{"line":60,"column":13}},"5":{"start":{"line":10,"column":23},"end":{"line":10,"column":45}},"6":{"start":{"line":12,"column":19},"end":{"line":16,"column":19}},"7":{"start":{"line":18,"column":19},"end":{"line":21,"column":22}},"8":{"start":{"line":23,"column":18},"end":{"line":23,"column":78}},"9":{"start":{"line":25,"column":18},"end":{"line":28,"column":34}},"10":{"start":{"line":30,"column":18},"end":{"line":30,"column":52}},"11":{"start":{"line":32,"column":4},"end":{"line":45,"column":62}},"12":{"start":{"line":36,"column":31},"end":{"line":36,"column":48}},"13":{"start":{"line":37,"column":24},"end":{"line":37,"column":33}},"14":{"start":{"line":38,"column":29},"end":{"line":38,"column":44}},"15":{"start":{"line":43,"column":8},"end":{"line":43,"column":59}},"16":{"start":{"line":45,"column":33},"end":{"line":45,"column":60}},"17":{"start":{"line":47,"column":4},"end":{"line":57,"column":8}},"18":{"start":{"line":51,"column":31},"end":{"line":51,"column":48}},"19":{"start":{"line":56,"column":8},"end":{"line":56,"column":59}},"20":{"start":{"line":59,"column":4},"end":{"line":59,"column":26}},"21":{"start":{"line":62,"column":2},"end":{"line":62,"column":74}}},"fnMap":{"0":{"name":"(anonymous_0)","decl":{"start":{"line":4,"column":21},"end":{"line":4,"column":22}},"loc":{"start":{"line":4,"column":68},"end":{"line":63,"column":1}},"line":4},"1":{"name":"(anonymous_1)","decl":{"start":{"line":7,"column":31},"end":{"line":7,"column":32}},"loc":{"start":{"line":7,"column":42},"end":{"line":7,"column":60}},"line":7},"2":{"name":"(anonymous_2)","decl":{"start":{"line":9,"column":12},"end":{"line":9,"column":13}},"loc":{"start":{"line":9,"column":18},"end":{"line":60,"column":3}},"line":9},"3":{"name":"(anonymous_3)","decl":{"start":{"line":36,"column":17},"end":{"line":36,"column":18}},"loc":{"start":{"line":36,"column":31},"end":{"line":36,"column":48}},"line":36},"4":{"name":"(anonymous_4)","decl":{"start":{"line":37,"column":17},"end":{"line":37,"column":18}},"loc":{"start":{"line":37,"column":24},"end":{"line":37,"column":33}},"line":37},"5":{"name":"(anonymous_5)","decl":{"start":{"line":38,"column":22},"end":{"line":38,"column":23}},"loc":{"start":{"line":38,"column":29},"end":{"line":38,"column":44}},"line":38},"6":{"name":"(anonymous_6)","decl":{"start":{"line":42,"column":20},"end":{"line":42,"column":21}},"loc":{"start":{"line":43,"column":8},"end":{"line":43,"column":59}},"line":43},"7":{"name":"(anonymous_7)","decl":{"start":{"line":45,"column":19},"end":{"line":45,"column":20}},"loc":{"start":{"line":45,"column":33},"end":{"line":45,"column":60}},"line":45},"8":{"name":"(anonymous_8)","decl":{"start":{"line":51,"column":17},"end":{"line":51,"column":18}},"loc":{"start":{"line":51,"column":31},"end":{"line":51,"column":48}},"line":51},"9":{"name":"(anonymous_9)","decl":{"start":{"line":55,"column":20},"end":{"line":55,"column":21}},"loc":{"start":{"line":56,"column":8},"end":{"line":56,"column":59}},"line":56}},"branchMap":{"0":{"loc":{"start":{"line":43,"column":8},"end":{"line":43,"column":59}},"type":"cond-expr","locations":[{"start":{"line":43,"column":38},"end":{"line":43,"column":47}},{"start":{"line":43,"column":50},"end":{"line":43,"column":59}}],"line":43},"1":{"loc":{"start":{"line":56,"column":8},"end":{"line":56,"column":59}},"type":"cond-expr","locations":[{"start":{"line":56,"column":38},"end":{"line":56,"column":47}},{"start":{"line":56,"column":50},"end":{"line":56,"column":59}}],"line":56}},"s":{"0":1,"1":0,"2":0,"3":0,"4":0,"5":0,"6":0,"7":0,"8":0,"9":0,"10":0,"11":0,"12":0,"13":0,"14":0,"15":0,"16":0,"17":0,"18":0,"19":0,"20":0,"21":0},"f":{"0":0,"1":0,"2":0,"3":0,"4":0,"5":0,"6":0,"7":0,"8":0,"9":0},"b":{"0":[0,0],"1":[0,0]},"_coverageSchema":"43e27e138ebf9cfc5966b082cf9a028302ed4184","hash":"345ddd05f7ff25fd70ef3701f7aefddaa6349ba9"}
}
